0 silly argv {
0 silly argv   _: [ 'create' ],
0 silly argv   access: 'public',
0 silly argv   license: 'MIT',
0 silly argv   'es-module': true,
0 silly argv   esModule: true,
0 silly argv   lernaVersion: '4.0.0',
0 silly argv   '$0': 'lerna',
0 silly argv   name: 'operators'
0 silly argv }
1 notice cli v4.0.0
2 verbose rootPath /home/jason/Projects/educational
3 warn ENOREMOTE No git remote found, skipping repository property
4 error Error: canceled
4 error     at Interface.<anonymous> (/home/jason/.nvm/versions/node/v17.1.0/lib/node_modules/lerna/node_modules/read/lib/read.js:66:13)
4 error     at Interface.emit (node:events:390:28)
4 error     at Interface.[_ttyWrite] [as _ttyWrite] (node:internal/readline/interface:973:18)
4 error     at ReadStream.onkeypress (node:internal/readline/interface:240:20)
4 error     at ReadStream.emit (node:events:390:28)
4 error     at emitKeys (node:internal/readline/utils:358:14)
4 error     at emitKeys.next (<anonymous>)
4 error     at ReadStream.onData (node:internal/readline/emitKeypressEvents:64:36)
4 error     at ReadStream.emit (node:events:390:28)
